2025-03-04 22:07:57,034 INFO: 
                ____                _       _____  ____
               / __ ) ____ _ _____ (_)_____/ ___/ / __ \
              / __  |/ __ `// ___// // ___/\__ \ / /_/ /
             / /_/ // /_/ /(__  )/ // /__ ___/ // _, _/
            /_____/ \__,_//____//_/ \___//____//_/ |_|
     ______                   __   __                 __      __
    / ____/____   ____   ____/ /  / /   __  __ _____ / /__   / /
   / / __ / __ \ / __ \ / __  /  / /   / / / // ___// //_/  / /
  / /_/ // /_/ // /_/ // /_/ /  / /___/ /_/ // /__ / /<    /_/
  \____/ \____/ \____/ \____/  /_____/\____/ \___//_/|_|  (_)
    
Version Information: 
	BasicSR: 1.4.2
	PyTorch: 1.9.1+cu111
	TorchVision: 0.10.1+cu111
2025-03-04 22:07:57,034 INFO: 
  name: MADNet_JiLin189
  model_type: VideoRecurrentModel
  scale: 4
  num_gpu: 1
  manual_seed: 0
  datasets:[
    train:[
      name: REDS
      type: REDSRecurrentDataset
      dataroot_gt: E:/VSR_jilin_189/training_set/GT
      dataroot_lq: E:/VSR_jilin_189/training_set/LR4x
      meta_info_file: E:/VSR_jilin_189/meta_info_jilin189_GT.txt
      val_partition: REDS4
      test_mode: False
      io_backend:[
        type: disk
      ]
      num_frame: 15
      gt_size: 256
      interval_list: [1]
      random_reverse: False
      use_hflip: True
      use_rot: True
      num_worker_per_gpu: 0
      batch_size_per_gpu: 1
      dataset_enlarge_ratio: 200
      prefetch_mode: None
      phase: train
      scale: 4
    ]
    val:[
      name: REDS4
      type: VideoRecurrentTestDataset
      dataroot_gt: E:/VSR_jilin_189/test_set/GT
      dataroot_lq: E:/VSR_jilin_189/test_set/LR4x
      cache_data: True
      io_backend:[
        type: disk
      ]
      num_frame: -1
      phase: val
      scale: 4
    ]
  ]
  network_g:[
    type: IconVSR
    num_feat: 64
    num_block: 30
    keyframe_stride: 5
    temporal_padding: 2
    spynet_path: D:/EDiffSR/baseline-code/BasicSR-master/experiments/pretrained_models/spynet_sintel_final-3d2a1287.pth
    edvr_path: None
  ]
  path:[
    pretrain_network_g: None
    strict_load_g: True
    resume_state: None
    experiments_root: C:\Users\Administrator\Documents\GitHub\MADNet\experiments\MADNet_JiLin189
    models: C:\Users\Administrator\Documents\GitHub\MADNet\experiments\MADNet_JiLin189\models
    training_states: C:\Users\Administrator\Documents\GitHub\MADNet\experiments\MADNet_JiLin189\training_states
    log: C:\Users\Administrator\Documents\GitHub\MADNet\experiments\MADNet_JiLin189
    visualization: C:\Users\Administrator\Documents\GitHub\MADNet\experiments\MADNet_JiLin189\visualization
  ]
  train:[
    ema_decay: 0.999
    optim_g:[
      type: Adam
      lr: 0.0002
      weight_decay: 0
      betas: [0.9, 0.99]
    ]
    scheduler:[
      type: CosineAnnealingRestartLR
      periods: [200000]
      restart_weights: [1]
      eta_min: 1e-07
    ]
    total_iter: 200000
    warmup_iter: -1
    fix_flow: 5000
    flow_lr_mul: 0.125
    pixel_opt:[
      type: CharbonnierLoss
      loss_weight: 1.0
      reduction: mean
    ]
  ]
  val:[
    val_freq: 5000.0
    save_img: False
    metrics:[
      psnr:[
        type: calculate_psnr
        crop_border: 0
        test_y_channel: False
      ]
    ]
  ]
  logger:[
    print_freq: 100
    save_checkpoint_freq: 5000.0
    use_tb_logger: True
    wandb:[
      project: None
      resume_id: None
    ]
  ]
  dist_params:[
    backend: nccl
    port: 29500
  ]
  find_unused_parameters: True
  dist: False
  rank: 0
  world_size: 1
  auto_resume: False
  is_train: True
  root_path: C:\Users\Administrator\Documents\GitHub\MADNet

2025-03-04 22:07:58,732 INFO: Temporal augmentation interval list: [1]; random reverse is False.
2025-03-04 22:07:58,732 INFO: Dataset [REDSRecurrentDataset] - REDS is built.
2025-03-04 22:07:58,733 INFO: Training statistics:
	Number of train images: 18500
	Dataset enlarge ratio: 200
	Batch size per gpu: 1
	World size (gpu number): 1
	Require iter number per epoch: 3700000
	Total epochs: 1; iters: 200000.
2025-03-04 22:07:58,733 INFO: Generate data info for VideoTestDataset - REDS4
2025-03-04 22:07:58,734 INFO: Cache 000 for VideoTestDataset...
2025-03-04 22:07:59,825 INFO: Cache 001 for VideoTestDataset...
2025-03-04 22:08:00,983 INFO: Cache 002 for VideoTestDataset...
2025-03-04 22:08:02,071 INFO: Cache 003 for VideoTestDataset...
2025-03-04 22:08:03,188 INFO: Cache 004 for VideoTestDataset...
2025-03-04 22:08:04,326 INFO: Cache 005 for VideoTestDataset...
2025-03-04 22:08:05,504 INFO: Cache 006 for VideoTestDataset...
2025-03-04 22:08:06,715 INFO: Cache 007 for VideoTestDataset...
2025-03-04 22:08:07,919 INFO: Cache 008 for VideoTestDataset...
2025-03-04 22:08:09,129 INFO: Cache 009 for VideoTestDataset...
2025-03-04 22:08:10,399 INFO: Cache 010 for VideoTestDataset...
2025-03-04 22:08:11,642 INFO: Cache 011 for VideoTestDataset...
2025-03-04 22:08:12,804 INFO: Dataset [VideoRecurrentTestDataset] - REDS4 is built.
2025-03-04 22:08:12,805 INFO: Number of val images/folders in REDS4: 12
2025-03-04 22:08:12,900 INFO: Network [IconVSR] is created.
2025-03-04 22:08:14,071 INFO: Network: IconVSR, with parameters: 8,694,991
2025-03-04 22:08:14,072 INFO: IconVSR(
  (edvr): EDVRFeatureExtractor(
    (conv_first): Conv2d(3, 64, kernel_size=(3, 3), stride=(1, 1), padding=(1, 1))
    (feature_extraction): Sequential(
      (0): ResidualBlockNoBN(
        (conv1): Conv2d(64, 64, kernel_size=(3, 3), stride=(1, 1), padding=(1, 1))
        (conv2): Conv2d(64, 64, kernel_size=(3, 3), stride=(1, 1), padding=(1, 1))
        (relu): ReLU(inplace=True)
      )
      (1): ResidualBlockNoBN(
        (conv1): Conv2d(64, 64, kernel_size=(3, 3), stride=(1, 1), padding=(1, 1))
        (conv2): Conv2d(64, 64, kernel_size=(3, 3), stride=(1, 1), padding=(1, 1))
        (relu): ReLU(inplace=True)
      )
      (2): ResidualBlockNoBN(
        (conv1): Conv2d(64, 64, kernel_size=(3, 3), stride=(1, 1), padding=(1, 1))
        (conv2): Conv2d(64, 64, kernel_size=(3, 3), stride=(1, 1), padding=(1, 1))
        (relu): ReLU(inplace=True)
      )
      (3): ResidualBlockNoBN(
        (conv1): Conv2d(64, 64, kernel_size=(3, 3), stride=(1, 1), padding=(1, 1))
        (conv2): Conv2d(64, 64, kernel_size=(3, 3), stride=(1, 1), padding=(1, 1))
        (relu): ReLU(inplace=True)
      )
      (4): ResidualBlockNoBN(
        (conv1): Conv2d(64, 64, kernel_size=(3, 3), stride=(1, 1), padding=(1, 1))
        (conv2): Conv2d(64, 64, kernel_size=(3, 3), stride=(1, 1), padding=(1, 1))
        (relu): ReLU(inplace=True)
      )
    )
    (conv_l2_1): Conv2d(64, 64, kernel_size=(3, 3), stride=(2, 2), padding=(1, 1))
    (conv_l2_2): Conv2d(64, 64, kernel_size=(3, 3), stride=(1, 1), padding=(1, 1))
    (conv_l3_1): Conv2d(64, 64, kernel_size=(3, 3), stride=(2, 2), padding=(1, 1))
    (conv_l3_2): Conv2d(64, 64, kernel_size=(3, 3), stride=(1, 1), padding=(1, 1))
    (pcd_align): PCDAlignment(
      (offset_conv1): ModuleDict(
        (l3): Conv2d(128, 64, kernel_size=(3, 3), stride=(1, 1), padding=(1, 1))
        (l2): Conv2d(128, 64, kernel_size=(3, 3), stride=(1, 1), padding=(1, 1))
        (l1): Conv2d(128, 64, kernel_size=(3, 3), stride=(1, 1), padding=(1, 1))
      )
      (offset_conv2): ModuleDict(
        (l3): Conv2d(64, 64, kernel_size=(3, 3), stride=(1, 1), padding=(1, 1))
        (l2): Conv2d(128, 64, kernel_size=(3, 3), stride=(1, 1), padding=(1, 1))
        (l1): Conv2d(128, 64, kernel_size=(3, 3), stride=(1, 1), padding=(1, 1))
      )
      (offset_conv3): ModuleDict(
        (l2): Conv2d(64, 64, kernel_size=(3, 3), stride=(1, 1), padding=(1, 1))
        (l1): Conv2d(64, 64, kernel_size=(3, 3), stride=(1, 1), padding=(1, 1))
      )
      (dcn_pack): ModuleDict(
        (l3): DCNv2Pack(
          (conv_offset): Conv2d(64, 216, kernel_size=(3, 3), stride=(1, 1), padding=(1, 1))
        )
        (l2): DCNv2Pack(
          (conv_offset): Conv2d(64, 216, kernel_size=(3, 3), stride=(1, 1), padding=(1, 1))
        )
        (l1): DCNv2Pack(
          (conv_offset): Conv2d(64, 216, kernel_size=(3, 3), stride=(1, 1), padding=(1, 1))
        )
      )
      (feat_conv): ModuleDict(
        (l2): Conv2d(128, 64, kernel_size=(3, 3), stride=(1, 1), padding=(1, 1))
        (l1): Conv2d(128, 64, kernel_size=(3, 3), stride=(1, 1), padding=(1, 1))
      )
      (cas_offset_conv1): Conv2d(128, 64, kernel_size=(3, 3), stride=(1, 1), padding=(1, 1))
      (cas_offset_conv2): Conv2d(64, 64, kernel_size=(3, 3), stride=(1, 1), padding=(1, 1))
      (cas_dcnpack): DCNv2Pack(
        (conv_offset): Conv2d(64, 216, kernel_size=(3, 3), stride=(1, 1), padding=(1, 1))
      )
      (upsample): Upsample(scale_factor=2.0, mode=bilinear)
      (lrelu): LeakyReLU(negative_slope=0.1, inplace=True)
    )
    (fusion): TSAFusion(
      (temporal_attn1): Conv2d(64, 64, kernel_size=(3, 3), stride=(1, 1), padding=(1, 1))
      (temporal_attn2): Conv2d(64, 64, kernel_size=(3, 3), stride=(1, 1), padding=(1, 1))
      (feat_fusion): Conv2d(320, 64, kernel_size=(1, 1), stride=(1, 1))
      (max_pool): MaxPool2d(kernel_size=3, stride=2, padding=1, dilation=1, ceil_mode=False)
      (avg_pool): AvgPool2d(kernel_size=3, stride=2, padding=1)
      (spatial_attn1): Conv2d(320, 64, kernel_size=(1, 1), stride=(1, 1))
      (spatial_attn2): Conv2d(128, 64, kernel_size=(1, 1), stride=(1, 1))
      (spatial_attn3): Conv2d(64, 64, kernel_size=(3, 3), stride=(1, 1), padding=(1, 1))
      (spatial_attn4): Conv2d(64, 64, kernel_size=(1, 1), stride=(1, 1))
      (spatial_attn5): Conv2d(64, 64, kernel_size=(3, 3), stride=(1, 1), padding=(1, 1))
      (spatial_attn_l1): Conv2d(64, 64, kernel_size=(1, 1), stride=(1, 1))
      (spatial_attn_l2): Conv2d(128, 64, kernel_size=(3, 3), stride=(1, 1), padding=(1, 1))
      (spatial_attn_l3): Conv2d(64, 64, kernel_size=(3, 3), stride=(1, 1), padding=(1, 1))
      (spatial_attn_add1): Conv2d(64, 64, kernel_size=(1, 1), stride=(1, 1))
      (spatial_attn_add2): Conv2d(64, 64, kernel_size=(1, 1), stride=(1, 1))
      (lrelu): LeakyReLU(negative_slope=0.1, inplace=True)
      (upsample): Upsample(scale_factor=2.0, mode=bilinear)
    )
    (lrelu): LeakyReLU(negative_slope=0.1, inplace=True)
  )
  (spynet): SpyNet(
    (basic_module): ModuleList(
      (0): BasicModule(
        (basic_module): Sequential(
          (0): Conv2d(8, 32, kernel_size=(7, 7), stride=(1, 1), padding=(3, 3))
          (1): ReLU()
          (2): Conv2d(32, 64, kernel_size=(7, 7), stride=(1, 1), padding=(3, 3))
          (3): ReLU()
          (4): Conv2d(64, 32, kernel_size=(7, 7), stride=(1, 1), padding=(3, 3))
          (5): ReLU()
          (6): Conv2d(32, 16, kernel_size=(7, 7), stride=(1, 1), padding=(3, 3))
          (7): ReLU()
          (8): Conv2d(16, 2, kernel_size=(7, 7), stride=(1, 1), padding=(3, 3))
        )
      )
      (1): BasicModule(
        (basic_module): Sequential(
          (0): Conv2d(8, 32, kernel_size=(7, 7), stride=(1, 1), padding=(3, 3))
          (1): ReLU()
          (2): Conv2d(32, 64, kernel_size=(7, 7), stride=(1, 1), padding=(3, 3))
          (3): ReLU()
          (4): Conv2d(64, 32, kernel_size=(7, 7), stride=(1, 1), padding=(3, 3))
          (5): ReLU()
          (6): Conv2d(32, 16, kernel_size=(7, 7), stride=(1, 1), padding=(3, 3))
          (7): ReLU()
          (8): Conv2d(16, 2, kernel_size=(7, 7), stride=(1, 1), padding=(3, 3))
        )
      )
      (2): BasicModule(
        (basic_module): Sequential(
          (0): Conv2d(8, 32, kernel_size=(7, 7), stride=(1, 1), padding=(3, 3))
          (1): ReLU()
          (2): Conv2d(32, 64, kernel_size=(7, 7), stride=(1, 1), padding=(3, 3))
          (3): ReLU()
          (4): Conv2d(64, 32, kernel_size=(7, 7), stride=(1, 1), padding=(3, 3))
          (5): ReLU()
          (6): Conv2d(32, 16, kernel_size=(7, 7), stride=(1, 1), padding=(3, 3))
          (7): ReLU()
          (8): Conv2d(16, 2, kernel_size=(7, 7), stride=(1, 1), padding=(3, 3))
        )
      )
      (3): BasicModule(
        (basic_module): Sequential(
          (0): Conv2d(8, 32, kernel_size=(7, 7), stride=(1, 1), padding=(3, 3))
          (1): ReLU()
          (2): Conv2d(32, 64, kernel_size=(7, 7), stride=(1, 1), padding=(3, 3))
          (3): ReLU()
          (4): Conv2d(64, 32, kernel_size=(7, 7), stride=(1, 1), padding=(3, 3))
          (5): ReLU()
          (6): Conv2d(32, 16, kernel_size=(7, 7), stride=(1, 1), padding=(3, 3))
          (7): ReLU()
          (8): Conv2d(16, 2, kernel_size=(7, 7), stride=(1, 1), padding=(3, 3))
        )
      )
      (4): BasicModule(
        (basic_module): Sequential(
          (0): Conv2d(8, 32, kernel_size=(7, 7), stride=(1, 1), padding=(3, 3))
          (1): ReLU()
          (2): Conv2d(32, 64, kernel_size=(7, 7), stride=(1, 1), padding=(3, 3))
          (3): ReLU()
          (4): Conv2d(64, 32, kernel_size=(7, 7), stride=(1, 1), padding=(3, 3))
          (5): ReLU()
          (6): Conv2d(32, 16, kernel_size=(7, 7), stride=(1, 1), padding=(3, 3))
          (7): ReLU()
          (8): Conv2d(16, 2, kernel_size=(7, 7), stride=(1, 1), padding=(3, 3))
        )
      )
      (5): BasicModule(
        (basic_module): Sequential(
          (0): Conv2d(8, 32, kernel_size=(7, 7), stride=(1, 1), padding=(3, 3))
          (1): ReLU()
          (2): Conv2d(32, 64, kernel_size=(7, 7), stride=(1, 1), padding=(3, 3))
          (3): ReLU()
          (4): Conv2d(64, 32, kernel_size=(7, 7), stride=(1, 1), padding=(3, 3))
          (5): ReLU()
          (6): Conv2d(32, 16, kernel_size=(7, 7), stride=(1, 1), padding=(3, 3))
          (7): ReLU()
          (8): Conv2d(16, 2, kernel_size=(7, 7), stride=(1, 1), padding=(3, 3))
        )
      )
    )
  )
  (backward_fusion): Conv2d(128, 64, kernel_size=(3, 3), stride=(1, 1), padding=(1, 1))
  (backward_trunk): ConvResidualBlocks(
    (main): Sequential(
      (0): Conv2d(67, 64, kernel_size=(3, 3), stride=(1, 1), padding=(1, 1))
      (1): LeakyReLU(negative_slope=0.1, inplace=True)
      (2): Sequential(
        (0): ResidualBlockNoBN(
          (conv1): Conv2d(64, 64, kernel_size=(3, 3), stride=(1, 1), padding=(1, 1))
          (conv2): Conv2d(64, 64, kernel_size=(3, 3), stride=(1, 1), padding=(1, 1))
          (relu): ReLU(inplace=True)
        )
        (1): ResidualBlockNoBN(
          (conv1): Conv2d(64, 64, kernel_size=(3, 3), stride=(1, 1), padding=(1, 1))
          (conv2): Conv2d(64, 64, kernel_size=(3, 3), stride=(1, 1), padding=(1, 1))
          (relu): ReLU(inplace=True)
        )
        (2): ResidualBlockNoBN(
          (conv1): Conv2d(64, 64, kernel_size=(3, 3), stride=(1, 1), padding=(1, 1))
          (conv2): Conv2d(64, 64, kernel_size=(3, 3), stride=(1, 1), padding=(1, 1))
          (relu): ReLU(inplace=True)
        )
        (3): ResidualBlockNoBN(
          (conv1): Conv2d(64, 64, kernel_size=(3, 3), stride=(1, 1), padding=(1, 1))
          (conv2): Conv2d(64, 64, kernel_size=(3, 3), stride=(1, 1), padding=(1, 1))
          (relu): ReLU(inplace=True)
        )
        (4): ResidualBlockNoBN(
          (conv1): Conv2d(64, 64, kernel_size=(3, 3), stride=(1, 1), padding=(1, 1))
          (conv2): Conv2d(64, 64, kernel_size=(3, 3), stride=(1, 1), padding=(1, 1))
          (relu): ReLU(inplace=True)
        )
        (5): ResidualBlockNoBN(
          (conv1): Conv2d(64, 64, kernel_size=(3, 3), stride=(1, 1), padding=(1, 1))
          (conv2): Conv2d(64, 64, kernel_size=(3, 3), stride=(1, 1), padding=(1, 1))
          (relu): ReLU(inplace=True)
        )
        (6): ResidualBlockNoBN(
          (conv1): Conv2d(64, 64, kernel_size=(3, 3), stride=(1, 1), padding=(1, 1))
          (conv2): Conv2d(64, 64, kernel_size=(3, 3), stride=(1, 1), padding=(1, 1))
          (relu): ReLU(inplace=True)
        )
        (7): ResidualBlockNoBN(
          (conv1): Conv2d(64, 64, kernel_size=(3, 3), stride=(1, 1), padding=(1, 1))
          (conv2): Conv2d(64, 64, kernel_size=(3, 3), stride=(1, 1), padding=(1, 1))
          (relu): ReLU(inplace=True)
        )
        (8): ResidualBlockNoBN(
          (conv1): Conv2d(64, 64, kernel_size=(3, 3), stride=(1, 1), padding=(1, 1))
          (conv2): Conv2d(64, 64, kernel_size=(3, 3), stride=(1, 1), padding=(1, 1))
          (relu): ReLU(inplace=True)
        )
        (9): ResidualBlockNoBN(
          (conv1): Conv2d(64, 64, kernel_size=(3, 3), stride=(1, 1), padding=(1, 1))
          (conv2): Conv2d(64, 64, kernel_size=(3, 3), stride=(1, 1), padding=(1, 1))
          (relu): ReLU(inplace=True)
        )
        (10): ResidualBlockNoBN(
          (conv1): Conv2d(64, 64, kernel_size=(3, 3), stride=(1, 1), padding=(1, 1))
          (conv2): Conv2d(64, 64, kernel_size=(3, 3), stride=(1, 1), padding=(1, 1))
          (relu): ReLU(inplace=True)
        )
        (11): ResidualBlockNoBN(
          (conv1): Conv2d(64, 64, kernel_size=(3, 3), stride=(1, 1), padding=(1, 1))
          (conv2): Conv2d(64, 64, kernel_size=(3, 3), stride=(1, 1), padding=(1, 1))
          (relu): ReLU(inplace=True)
        )
        (12): ResidualBlockNoBN(
          (conv1): Conv2d(64, 64, kernel_size=(3, 3), stride=(1, 1), padding=(1, 1))
          (conv2): Conv2d(64, 64, kernel_size=(3, 3), stride=(1, 1), padding=(1, 1))
          (relu): ReLU(inplace=True)
        )
        (13): ResidualBlockNoBN(
          (conv1): Conv2d(64, 64, kernel_size=(3, 3), stride=(1, 1), padding=(1, 1))
          (conv2): Conv2d(64, 64, kernel_size=(3, 3), stride=(1, 1), padding=(1, 1))
          (relu): ReLU(inplace=True)
        )
        (14): ResidualBlockNoBN(
          (conv1): Conv2d(64, 64, kernel_size=(3, 3), stride=(1, 1), padding=(1, 1))
          (conv2): Conv2d(64, 64, kernel_size=(3, 3), stride=(1, 1), padding=(1, 1))
          (relu): ReLU(inplace=True)
        )
        (15): ResidualBlockNoBN(
          (conv1): Conv2d(64, 64, kernel_size=(3, 3), stride=(1, 1), padding=(1, 1))
          (conv2): Conv2d(64, 64, kernel_size=(3, 3), stride=(1, 1), padding=(1, 1))
          (relu): ReLU(inplace=True)
        )
        (16): ResidualBlockNoBN(
          (conv1): Conv2d(64, 64, kernel_size=(3, 3), stride=(1, 1), padding=(1, 1))
          (conv2): Conv2d(64, 64, kernel_size=(3, 3), stride=(1, 1), padding=(1, 1))
          (relu): ReLU(inplace=True)
        )
        (17): ResidualBlockNoBN(
          (conv1): Conv2d(64, 64, kernel_size=(3, 3), stride=(1, 1), padding=(1, 1))
          (conv2): Conv2d(64, 64, kernel_size=(3, 3), stride=(1, 1), padding=(1, 1))
          (relu): ReLU(inplace=True)
        )
        (18): ResidualBlockNoBN(
          (conv1): Conv2d(64, 64, kernel_size=(3, 3), stride=(1, 1), padding=(1, 1))
          (conv2): Conv2d(64, 64, kernel_size=(3, 3), stride=(1, 1), padding=(1, 1))
          (relu): ReLU(inplace=True)
        )
        (19): ResidualBlockNoBN(
          (conv1): Conv2d(64, 64, kernel_size=(3, 3), stride=(1, 1), padding=(1, 1))
          (conv2): Conv2d(64, 64, kernel_size=(3, 3), stride=(1, 1), padding=(1, 1))
          (relu): ReLU(inplace=True)
        )
        (20): ResidualBlockNoBN(
          (conv1): Conv2d(64, 64, kernel_size=(3, 3), stride=(1, 1), padding=(1, 1))
          (conv2): Conv2d(64, 64, kernel_size=(3, 3), stride=(1, 1), padding=(1, 1))
          (relu): ReLU(inplace=True)
        )
        (21): ResidualBlockNoBN(
          (conv1): Conv2d(64, 64, kernel_size=(3, 3), stride=(1, 1), padding=(1, 1))
          (conv2): Conv2d(64, 64, kernel_size=(3, 3), stride=(1, 1), padding=(1, 1))
          (relu): ReLU(inplace=True)
        )
        (22): ResidualBlockNoBN(
          (conv1): Conv2d(64, 64, kernel_size=(3, 3), stride=(1, 1), padding=(1, 1))
          (conv2): Conv2d(64, 64, kernel_size=(3, 3), stride=(1, 1), padding=(1, 1))
          (relu): ReLU(inplace=True)
        )
        (23): ResidualBlockNoBN(
          (conv1): Conv2d(64, 64, kernel_size=(3, 3), stride=(1, 1), padding=(1, 1))
          (conv2): Conv2d(64, 64, kernel_size=(3, 3), stride=(1, 1), padding=(1, 1))
          (relu): ReLU(inplace=True)
        )
        (24): ResidualBlockNoBN(
          (conv1): Conv2d(64, 64, kernel_size=(3, 3), stride=(1, 1), padding=(1, 1))
          (conv2): Conv2d(64, 64, kernel_size=(3, 3), stride=(1, 1), padding=(1, 1))
          (relu): ReLU(inplace=True)
        )
        (25): ResidualBlockNoBN(
          (conv1): Conv2d(64, 64, kernel_size=(3, 3), stride=(1, 1), padding=(1, 1))
          (conv2): Conv2d(64, 64, kernel_size=(3, 3), stride=(1, 1), padding=(1, 1))
          (relu): ReLU(inplace=True)
        )
        (26): ResidualBlockNoBN(
          (conv1): Conv2d(64, 64, kernel_size=(3, 3), stride=(1, 1), padding=(1, 1))
          (conv2): Conv2d(64, 64, kernel_size=(3, 3), stride=(1, 1), padding=(1, 1))
          (relu): ReLU(inplace=True)
        )
        (27): ResidualBlockNoBN(
          (conv1): Conv2d(64, 64, kernel_size=(3, 3), stride=(1, 1), padding=(1, 1))
          (conv2): Conv2d(64, 64, kernel_size=(3, 3), stride=(1, 1), padding=(1, 1))
          (relu): ReLU(inplace=True)
        )
        (28): ResidualBlockNoBN(
          (conv1): Conv2d(64, 64, kernel_size=(3, 3), stride=(1, 1), padding=(1, 1))
          (conv2): Conv2d(64, 64, kernel_size=(3, 3), stride=(1, 1), padding=(1, 1))
          (relu): ReLU(inplace=True)
        )
        (29): ResidualBlockNoBN(
          (conv1): Conv2d(64, 64, kernel_size=(3, 3), stride=(1, 1), padding=(1, 1))
          (conv2): Conv2d(64, 64, kernel_size=(3, 3), stride=(1, 1), padding=(1, 1))
          (relu): ReLU(inplace=True)
        )
      )
    )
  )
  (forward_fusion): Conv2d(128, 64, kernel_size=(3, 3), stride=(1, 1), padding=(1, 1))
  (forward_trunk): ConvResidualBlocks(
    (main): Sequential(
      (0): Conv2d(131, 64, kernel_size=(3, 3), stride=(1, 1), padding=(1, 1))
      (1): LeakyReLU(negative_slope=0.1, inplace=True)
      (2): Sequential(
        (0): ResidualBlockNoBN(
          (conv1): Conv2d(64, 64, kernel_size=(3, 3), stride=(1, 1), padding=(1, 1))
          (conv2): Conv2d(64, 64, kernel_size=(3, 3), stride=(1, 1), padding=(1, 1))
          (relu): ReLU(inplace=True)
        )
        (1): ResidualBlockNoBN(
          (conv1): Conv2d(64, 64, kernel_size=(3, 3), stride=(1, 1), padding=(1, 1))
          (conv2): Conv2d(64, 64, kernel_size=(3, 3), stride=(1, 1), padding=(1, 1))
          (relu): ReLU(inplace=True)
        )
        (2): ResidualBlockNoBN(
          (conv1): Conv2d(64, 64, kernel_size=(3, 3), stride=(1, 1), padding=(1, 1))
          (conv2): Conv2d(64, 64, kernel_size=(3, 3), stride=(1, 1), padding=(1, 1))
          (relu): ReLU(inplace=True)
        )
        (3): ResidualBlockNoBN(
          (conv1): Conv2d(64, 64, kernel_size=(3, 3), stride=(1, 1), padding=(1, 1))
          (conv2): Conv2d(64, 64, kernel_size=(3, 3), stride=(1, 1), padding=(1, 1))
          (relu): ReLU(inplace=True)
        )
        (4): ResidualBlockNoBN(
          (conv1): Conv2d(64, 64, kernel_size=(3, 3), stride=(1, 1), padding=(1, 1))
          (conv2): Conv2d(64, 64, kernel_size=(3, 3), stride=(1, 1), padding=(1, 1))
          (relu): ReLU(inplace=True)
        )
        (5): ResidualBlockNoBN(
          (conv1): Conv2d(64, 64, kernel_size=(3, 3), stride=(1, 1), padding=(1, 1))
          (conv2): Conv2d(64, 64, kernel_size=(3, 3), stride=(1, 1), padding=(1, 1))
          (relu): ReLU(inplace=True)
        )
        (6): ResidualBlockNoBN(
          (conv1): Conv2d(64, 64, kernel_size=(3, 3), stride=(1, 1), padding=(1, 1))
          (conv2): Conv2d(64, 64, kernel_size=(3, 3), stride=(1, 1), padding=(1, 1))
          (relu): ReLU(inplace=True)
        )
        (7): ResidualBlockNoBN(
          (conv1): Conv2d(64, 64, kernel_size=(3, 3), stride=(1, 1), padding=(1, 1))
          (conv2): Conv2d(64, 64, kernel_size=(3, 3), stride=(1, 1), padding=(1, 1))
          (relu): ReLU(inplace=True)
        )
        (8): ResidualBlockNoBN(
          (conv1): Conv2d(64, 64, kernel_size=(3, 3), stride=(1, 1), padding=(1, 1))
          (conv2): Conv2d(64, 64, kernel_size=(3, 3), stride=(1, 1), padding=(1, 1))
          (relu): ReLU(inplace=True)
        )
        (9): ResidualBlockNoBN(
          (conv1): Conv2d(64, 64, kernel_size=(3, 3), stride=(1, 1), padding=(1, 1))
          (conv2): Conv2d(64, 64, kernel_size=(3, 3), stride=(1, 1), padding=(1, 1))
          (relu): ReLU(inplace=True)
        )
        (10): ResidualBlockNoBN(
          (conv1): Conv2d(64, 64, kernel_size=(3, 3), stride=(1, 1), padding=(1, 1))
          (conv2): Conv2d(64, 64, kernel_size=(3, 3), stride=(1, 1), padding=(1, 1))
          (relu): ReLU(inplace=True)
        )
        (11): ResidualBlockNoBN(
          (conv1): Conv2d(64, 64, kernel_size=(3, 3), stride=(1, 1), padding=(1, 1))
          (conv2): Conv2d(64, 64, kernel_size=(3, 3), stride=(1, 1), padding=(1, 1))
          (relu): ReLU(inplace=True)
        )
        (12): ResidualBlockNoBN(
          (conv1): Conv2d(64, 64, kernel_size=(3, 3), stride=(1, 1), padding=(1, 1))
          (conv2): Conv2d(64, 64, kernel_size=(3, 3), stride=(1, 1), padding=(1, 1))
          (relu): ReLU(inplace=True)
        )
        (13): ResidualBlockNoBN(
          (conv1): Conv2d(64, 64, kernel_size=(3, 3), stride=(1, 1), padding=(1, 1))
          (conv2): Conv2d(64, 64, kernel_size=(3, 3), stride=(1, 1), padding=(1, 1))
          (relu): ReLU(inplace=True)
        )
        (14): ResidualBlockNoBN(
          (conv1): Conv2d(64, 64, kernel_size=(3, 3), stride=(1, 1), padding=(1, 1))
          (conv2): Conv2d(64, 64, kernel_size=(3, 3), stride=(1, 1), padding=(1, 1))
          (relu): ReLU(inplace=True)
        )
        (15): ResidualBlockNoBN(
          (conv1): Conv2d(64, 64, kernel_size=(3, 3), stride=(1, 1), padding=(1, 1))
          (conv2): Conv2d(64, 64, kernel_size=(3, 3), stride=(1, 1), padding=(1, 1))
          (relu): ReLU(inplace=True)
        )
        (16): ResidualBlockNoBN(
          (conv1): Conv2d(64, 64, kernel_size=(3, 3), stride=(1, 1), padding=(1, 1))
          (conv2): Conv2d(64, 64, kernel_size=(3, 3), stride=(1, 1), padding=(1, 1))
          (relu): ReLU(inplace=True)
        )
        (17): ResidualBlockNoBN(
          (conv1): Conv2d(64, 64, kernel_size=(3, 3), stride=(1, 1), padding=(1, 1))
          (conv2): Conv2d(64, 64, kernel_size=(3, 3), stride=(1, 1), padding=(1, 1))
          (relu): ReLU(inplace=True)
        )
        (18): ResidualBlockNoBN(
          (conv1): Conv2d(64, 64, kernel_size=(3, 3), stride=(1, 1), padding=(1, 1))
          (conv2): Conv2d(64, 64, kernel_size=(3, 3), stride=(1, 1), padding=(1, 1))
          (relu): ReLU(inplace=True)
        )
        (19): ResidualBlockNoBN(
          (conv1): Conv2d(64, 64, kernel_size=(3, 3), stride=(1, 1), padding=(1, 1))
          (conv2): Conv2d(64, 64, kernel_size=(3, 3), stride=(1, 1), padding=(1, 1))
          (relu): ReLU(inplace=True)
        )
        (20): ResidualBlockNoBN(
          (conv1): Conv2d(64, 64, kernel_size=(3, 3), stride=(1, 1), padding=(1, 1))
          (conv2): Conv2d(64, 64, kernel_size=(3, 3), stride=(1, 1), padding=(1, 1))
          (relu): ReLU(inplace=True)
        )
        (21): ResidualBlockNoBN(
          (conv1): Conv2d(64, 64, kernel_size=(3, 3), stride=(1, 1), padding=(1, 1))
          (conv2): Conv2d(64, 64, kernel_size=(3, 3), stride=(1, 1), padding=(1, 1))
          (relu): ReLU(inplace=True)
        )
        (22): ResidualBlockNoBN(
          (conv1): Conv2d(64, 64, kernel_size=(3, 3), stride=(1, 1), padding=(1, 1))
          (conv2): Conv2d(64, 64, kernel_size=(3, 3), stride=(1, 1), padding=(1, 1))
          (relu): ReLU(inplace=True)
        )
        (23): ResidualBlockNoBN(
          (conv1): Conv2d(64, 64, kernel_size=(3, 3), stride=(1, 1), padding=(1, 1))
          (conv2): Conv2d(64, 64, kernel_size=(3, 3), stride=(1, 1), padding=(1, 1))
          (relu): ReLU(inplace=True)
        )
        (24): ResidualBlockNoBN(
          (conv1): Conv2d(64, 64, kernel_size=(3, 3), stride=(1, 1), padding=(1, 1))
          (conv2): Conv2d(64, 64, kernel_size=(3, 3), stride=(1, 1), padding=(1, 1))
          (relu): ReLU(inplace=True)
        )
        (25): ResidualBlockNoBN(
          (conv1): Conv2d(64, 64, kernel_size=(3, 3), stride=(1, 1), padding=(1, 1))
          (conv2): Conv2d(64, 64, kernel_size=(3, 3), stride=(1, 1), padding=(1, 1))
          (relu): ReLU(inplace=True)
        )
        (26): ResidualBlockNoBN(
          (conv1): Conv2d(64, 64, kernel_size=(3, 3), stride=(1, 1), padding=(1, 1))
          (conv2): Conv2d(64, 64, kernel_size=(3, 3), stride=(1, 1), padding=(1, 1))
          (relu): ReLU(inplace=True)
        )
        (27): ResidualBlockNoBN(
          (conv1): Conv2d(64, 64, kernel_size=(3, 3), stride=(1, 1), padding=(1, 1))
          (conv2): Conv2d(64, 64, kernel_size=(3, 3), stride=(1, 1), padding=(1, 1))
          (relu): ReLU(inplace=True)
        )
        (28): ResidualBlockNoBN(
          (conv1): Conv2d(64, 64, kernel_size=(3, 3), stride=(1, 1), padding=(1, 1))
          (conv2): Conv2d(64, 64, kernel_size=(3, 3), stride=(1, 1), padding=(1, 1))
          (relu): ReLU(inplace=True)
        )
        (29): ResidualBlockNoBN(
          (conv1): Conv2d(64, 64, kernel_size=(3, 3), stride=(1, 1), padding=(1, 1))
          (conv2): Conv2d(64, 64, kernel_size=(3, 3), stride=(1, 1), padding=(1, 1))
          (relu): ReLU(inplace=True)
        )
      )
    )
  )
  (upconv1): Conv2d(64, 256, kernel_size=(3, 3), stride=(1, 1), padding=(1, 1))
  (upconv2): Conv2d(64, 256, kernel_size=(3, 3), stride=(1, 1), padding=(1, 1))
  (conv_hr): Conv2d(64, 64, kernel_size=(3, 3), stride=(1, 1), padding=(1, 1))
  (conv_last): Conv2d(64, 3, kernel_size=(3, 3), stride=(1, 1), padding=(1, 1))
  (pixel_shuffle): PixelShuffle(upscale_factor=2)
  (lrelu): LeakyReLU(negative_slope=0.1, inplace=True)
)
2025-03-04 22:08:14,075 INFO: Use Exponential Moving Average with decay: 0.999
2025-03-04 22:08:14,152 INFO: Network [IconVSR] is created.
2025-03-04 22:08:14,195 INFO: Loss [CharbonnierLoss] is created.
2025-03-04 22:08:14,195 INFO: Multiple the learning rate for flow network with 0.125.
2025-03-04 22:08:14,197 INFO: Model [VideoRecurrentModel] is created.
2025-03-04 22:08:14,197 INFO: Start training from epoch: 0, iter: 0
2025-03-04 22:08:14,730 INFO: Fix flow network and feature extractor for 5000 iters.
2025-03-04 22:10:10,016 INFO: [MADNe..][epoch:  0, iter:     100, lr:(2.000e-04,2.500e-05,)] [eta: 2 days, 12:49:24, time (data): 1.158 (0.325)] l_pix: 3.5324e-02 
